#
# There is insufficient memory for the Java Runtime Environment to continue.
# Native memory allocation (mmap) failed to map 130023424 bytes for committing reserved memory.
# Possible reasons:
#   The system is out of physical RAM or swap space
#   The process is running with CompressedOops enabled, and the Java Heap may be blocking the growth of the native heap
# Possible solutions:
#   Reduce memory load on the system
#   Increase physical memory or swap space
#   Check if swap backing store is full
#   Decrease Java heap size (-Xmx/-Xms)
#   Decrease number of Java threads
#   Decrease Java thread stack sizes (-Xss)
#   Set larger code cache with -XX:ReservedCodeCacheSize=
# This output file may be truncated or incomplete.
#
#  Out of Memory Error (os_linux.cpp:2857), pid=18043, tid=18056
#
# JRE version:  (11.0.7+10) (build )
# Java VM: OpenJDK 64-Bit Server VM (11.0.7+10-b765.53, mixed mode, sharing, tiered, compressed oops, g1 gc, linux-amd64)
# Core dump will be written. Default location: Core dumps may be processed with "/lib/systemd/systemd-coredump %P %u %g %s %t 9223372036854775808 %e" (or dumping to /home/elia/Documents/Programming/GP-Data-Assimilation/core.18043)
#

---------------  S U M M A R Y ------------

Command Line: org.jetbrains.git4idea.http.GitAskPassApp Username for 'https://github.com': 

Host: Intel(R) Core(TM) i7 CPU         860  @ 2.80GHz, 8 cores, 7G, Linux Mint 19.3 Tricia
Time: Fri Jul  3 18:59:28 2020 MDT elapsed time: 32 seconds (0d 0h 0m 32s)

---------------  T H R E A D  ---------------

Current thread (0x00007f0bf8016800):  JavaThread "Unknown thread" [_thread_in_vm, id=18056, stack(0x00007f0bff9fd000,0x00007f0bffafe000)]

Stack: [0x00007f0bff9fd000,0x00007f0bffafe000],  sp=0x00007f0bffafc200,  free space=1020k
Native frames: (J=compiled Java code, A=aot compiled Java code, j=interpreted, Vv=VM code, C=native code)
V  [libjvm.so+0xd6663f]  VMError::report_and_die(int, char const*, char const*, __va_list_tag*, Thread*, unsigned char*, void*, void*, char const*, int, unsigned long)+0x37f
V  [libjvm.so+0xd6731b]  VMError::report_and_die(Thread*, char const*, int, unsigned long, VMErrorType, char const*, __va_list_tag*)+0x2b
V  [libjvm.so+0x653295]  report_vm_out_of_memory(char const*, int, unsigned long, VMErrorType, char const*, ...)+0xc5
V  [libjvm.so+0xb6f5c8]  os::pd_commit_memory_or_exit(char*, unsigned long, unsigned long, bool, char const*)+0xd8
V  [libjvm.so+0xb66b3d]  os::commit_memory_or_exit(char*, unsigned long, unsigned long, bool, char const*)+0x1d
V  [libjvm.so+0x76b6ac]  G1PageBasedVirtualSpace::commit_preferred_pages(unsigned long, unsigned long)+0x6c
V  [libjvm.so+0x76ba8e]  G1PageBasedVirtualSpace::commit(unsigned long, unsigned long)+0x19e
V  [libjvm.so+0x774d86]  G1RegionsLargerThanCommitSizeMapper::commit_regions(unsigned int, unsigned long, WorkGang*)+0x46
V  [libjvm.so+0x7ec7e4]  HeapRegionManager::commit_regions(unsigned int, unsigned long, WorkGang*)+0x54
V  [libjvm.so+0x7ed3f0]  HeapRegionManager::make_regions_available(unsigned int, unsigned int, WorkGang*)+0x30
V  [libjvm.so+0x7ed817]  HeapRegionManager::expand_at(unsigned int, unsigned int, WorkGang*) [clone .part.24]+0xf7
V  [libjvm.so+0x7298c0]  G1CollectedHeap::expand(unsigned long, WorkGang*, double*)+0xe0
V  [libjvm.so+0x729fc1]  G1CollectedHeap::initialize()+0x681
V  [libjvm.so+0xd29481]  Universe::initialize_heap()+0x41
V  [libjvm.so+0xd29756]  universe_init()+0x46
V  [libjvm.so+0x80c6a7]  init_globals()+0x57
V  [libjvm.so+0xd035ca]  Threads::create_vm(JavaVMInitArgs*, bool*)+0x30a
V  [libjvm.so+0x8b0aa1]  JNI_CreateJavaVM+0x51
C  [libjli.so+0x3b9f]  JavaMain+0x7f


---------------  P R O C E S S  ---------------

Threads class SMR info:
_java_thread_list=0x000055c2dcee6030, length=0, elements={
}

Java Threads: ( => current thread )

Other Threads:
  0x00007f0bf8041000 GCTaskThread "GC Thread#0" [stack: 0x00007f0bfc01b000,0x00007f0bfc11b000] [id=18057]
  0x00007f0bf8072800 ConcurrentGCThread "G1 Main Marker" [stack: 0x00007f0be423e000,0x00007f0be433e000] [id=18058]
  0x00007f0bf8074800 ConcurrentGCThread "G1 Conc#0" [stack: 0x00007f0be413c000,0x00007f0be423c000] [id=18059]

[error occurred during error reporting (printing all threads), id 0xb, SIGSEGV (0xb) at pc=0x00007f0bfe07c040]

VM state:not at safepoint (not fully initialized)

VM Mutex/Monitor currently owned by a thread:  ([mutex/lock_event])
[0x00007f0bf8012fb0] Heap_lock - owner thread: 0x00007f0bf8016800

Heap address: 0x0000000084000000, size: 1984 MB, Compressed Oops mode: Non-zero based: 0x0000000084000000
Narrow klass base: 0x0000000000000000, Narrow klass shift: 0

GC Heap History (0 events):
No events

Deoptimization events (0 events):
No events

Classes redefined (0 events):
No events

Internal exceptions (0 events):
No events

Events (3 events):
Event: 0.054 Protecting memory [0x00007f0bff9fd000,0x00007f0bffa01000] with protection modes 0
Event: 0.063 Loaded shared library /home/elia/.local/share/JetBrains/Toolbox/apps/PyCharm-P/ch-0/201.7846.77/jbr/lib/libzip.so
Event: 0.064 Loaded shared library /home/elia/.local/share/JetBrains/Toolbox/apps/PyCharm-P/ch-0/201.7846.77/jbr/lib/libjimage.so


Dynamic libraries:
8bc00000-100000000 ---p 00000000 00:00 0 
55c2dba03000-55c2dba04000 r-xp 00000000 08:05 8782648                    /home/elia/.local/share/JetBrains/Toolbox/apps/PyCharm-P/ch-0/201.7846.77/jbr/bin/java
55c2dbc04000-55c2dbc05000 r--p 00001000 08:05 8782648                    /home/elia/.local/share/JetBrains/Toolbox/apps/PyCharm-P/ch-0/201.7846.77/jbr/bin/java
55c2dbc05000-55c2dbc06000 rw-p 00002000 08:05 8782648                    /home/elia/.local/share/JetBrains/Toolbox/apps/PyCharm-P/ch-0/201.7846.77/jbr/bin/java
55c2dcee2000-55c2dcf03000 rw-p 00000000 00:00 0                          [heap]
7f0bcc000000-7f0bcc021000 rw-p 00000000 00:00 0 
7f0bcc021000-7f0bd0000000 ---p 00000000 00:00 0 
7f0bd4000000-7f0bd4021000 rw-p 00000000 00:00 0 
7f0bd4021000-7f0bd8000000 ---p 00000000 00:00 0 
7f0bd8fac000-7f0bdba40000 rw-p 00000000 00:00 0 
7f0bdba40000-7f0be0000000 ---p 00000000 00:00 0 
7f0be0000000-7f0be0021000 rw-p 00000000 00:00 0 
7f0be0021000-7f0be4000000 ---p 00000000 00:00 0 
7f0be4039000-7f0be413a000 rw-p 00000000 00:00 0 
7f0be413a000-7f0be413b000 ---p 00000000 00:00 0 
7f0be413b000-7f0be423c000 rw-p 00000000 00:00 0 
7f0be423c000-7f0be423d000 ---p 00000000 00:00 0 
7f0be423d000-7f0be433e000 rw-p 00000000 00:00 0 
7f0be433e000-7f0be471e000 ---p 00000000 00:00 0 
7f0be471e000-7f0be4f26000 rw-p 00000000 00:00 0 
7f0be4f26000-7f0be5196000 rwxp 00000000 00:00 0 
7f0be5196000-7f0be54b7000 ---p 00000000 00:00 0 
7f0be54b7000-7f0be5727000 rwxp 00000000 00:00 0 
7f0be5727000-7f0bec9ee000 ---p 00000000 00:00 0 
7f0bec9ee000-7f0becc5e000 rwxp 00000000 00:00 0 
7f0becc5e000-7f0bf3f26000 ---p 00000000 00:00 0 
7f0bf3f26000-7f0bf8000000 r--s 00000000 08:05 8782632                    /home/elia/.local/share/JetBrains/Toolbox/apps/PyCharm-P/ch-0/201.7846.77/jbr/lib/modules
7f0bf8000000-7f0bf80a2000 rw-p 00000000 00:00 0 
7f0bf80a2000-7f0bfc000000 ---p 00000000 00:00 0 
7f0bfc019000-7f0bfc01a000 ---p 00000000 00:00 0 
7f0bfc01a000-7f0bfc120000 rw-p 00000000 00:00 0 
7f0bfc120000-7f0bfc206000 ---p 00000000 00:00 0 
7f0bfc206000-7f0bfc20b000 rw-p 00000000 00:00 0 
7f0bfc20b000-7f0bfc2f1000 ---p 00000000 00:00 0 
7f0bfc2f1000-7f0bfc30c000 r-xp 00000000 08:05 8782610                    /home/elia/.local/share/JetBrains/Toolbox/apps/PyCharm-P/ch-0/201.7846.77/jbr/lib/libjimage.so
7f0bfc30c000-7f0bfc50c000 ---p 0001b000 08:05 8782610                    /home/elia/.local/share/JetBrains/Toolbox/apps/PyCharm-P/ch-0/201.7846.77/jbr/lib/libjimage.so
7f0bfc50c000-7f0bfc50e000 r--p 0001b000 08:05 8782610                    /home/elia/.local/share/JetBrains/Toolbox/apps/PyCharm-P/ch-0/201.7846.77/jbr/lib/libjimage.so
7f0bfc50e000-7f0bfc50f000 rw-p 0001d000 08:05 8782610                    /home/elia/.local/share/JetBrains/Toolbox/apps/PyCharm-P/ch-0/201.7846.77/jbr/lib/libjimage.so
7f0bfc50f000-7f0bfc516000 r-xp 00000000 08:05 8782631                    /home/elia/.local/share/JetBrains/Toolbox/apps/PyCharm-P/ch-0/201.7846.77/jbr/lib/libzip.so
7f0bfc516000-7f0bfc715000 ---p 00007000 08:05 8782631                    /home/elia/.local/share/JetBrains/Toolbox/apps/PyCharm-P/ch-0/201.7846.77/jbr/lib/libzip.so
7f0bfc715000-7f0bfc716000 r--p 00006000 08:05 8782631                    /home/elia/.local/share/JetBrains/Toolbox/apps/PyCharm-P/ch-0/201.7846.77/jbr/lib/libzip.so
7f0bfc716000-7f0bfc717000 rw-p 00007000 08:05 8782631                    /home/elia/.local/share/JetBrains/Toolbox/apps/PyCharm-P/ch-0/201.7846.77/jbr/lib/libzip.so
7f0bfc717000-7f0bfc722000 r-xp 00000000 08:05 9442283                    /lib/x86_64-linux-gnu/libnss_files-2.27.so
7f0bfc722000-7f0bfc921000 ---p 0000b000 08:05 9442283                    /lib/x86_64-linux-gnu/libnss_files-2.27.so
7f0bfc921000-7f0bfc922000 r--p 0000a000 08:05 9442283                    /lib/x86_64-linux-gnu/libnss_files-2.27.so
7f0bfc922000-7f0bfc923000 rw-p 0000b000 08:05 9442283                    /lib/x86_64-linux-gnu/libnss_files-2.27.so
7f0bfc923000-7f0bfc929000 rw-p 00000000 00:00 0 
7f0bfc929000-7f0bfc940000 r-xp 00000000 08:05 9442277                    /lib/x86_64-linux-gnu/libnsl-2.27.so
7f0bfc940000-7f0bfcb3f000 ---p 00017000 08:05 9442277                    /lib/x86_64-linux-gnu/libnsl-2.27.so
7f0bfcb3f000-7f0bfcb40000 r--p 00016000 08:05 9442277                    /lib/x86_64-linux-gnu/libnsl-2.27.so
7f0bfcb40000-7f0bfcb41000 rw-p 00017000 08:05 9442277                    /lib/x86_64-linux-gnu/libnsl-2.27.so
7f0bfcb41000-7f0bfcb43000 rw-p 00000000 00:00 0 
7f0bfcb43000-7f0bfcb4e000 r-xp 00000000 08:05 9442294                    /lib/x86_64-linux-gnu/libnss_nis-2.27.so
7f0bfcb4e000-7f0bfcd4d000 ---p 0000b000 08:05 9442294                    /lib/x86_64-linux-gnu/libnss_nis-2.27.so
7f0bfcd4d000-7f0bfcd4e000 r--p 0000a000 08:05 9442294                    /lib/x86_64-linux-gnu/libnss_nis-2.27.so
7f0bfcd4e000-7f0bfcd4f000 rw-p 0000b000 08:05 9442294                    /lib/x86_64-linux-gnu/libnss_nis-2.27.so
7f0bfcd4f000-7f0bfcd57000 r-xp 00000000 08:05 9442279                    /lib/x86_64-linux-gnu/libnss_compat-2.27.so
7f0bfcd57000-7f0bfcf57000 ---p 00008000 08:05 9442279                    /lib/x86_64-linux-gnu/libnss_compat-2.27.so
7f0bfcf57000-7f0bfcf58000 r--p 00008000 08:05 9442279                    /lib/x86_64-linux-gnu/libnss_compat-2.27.so
7f0bfcf58000-7f0bfcf59000 rw-p 00009000 08:05 9442279                    /lib/x86_64-linux-gnu/libnss_compat-2.27.so
7f0bfcf59000-7f0bfcf82000 r-xp 00000000 08:05 8782600                    /home/elia/.local/share/JetBrains/Toolbox/apps/PyCharm-P/ch-0/201.7846.77/jbr/lib/libjava.so
7f0bfcf82000-7f0bfd181000 ---p 00029000 08:05 8782600                    /home/elia/.local/share/JetBrains/Toolbox/apps/PyCharm-P/ch-0/201.7846.77/jbr/lib/libjava.so
7f0bfd181000-7f0bfd182000 r--p 00028000 08:05 8782600                    /home/elia/.local/share/JetBrains/Toolbox/apps/PyCharm-P/ch-0/201.7846.77/jbr/lib/libjava.so
7f0bfd182000-7f0bfd184000 rw-p 00029000 08:05 8782600                    /home/elia/.local/share/JetBrains/Toolbox/apps/PyCharm-P/ch-0/201.7846.77/jbr/lib/libjava.so
7f0bfd184000-7f0bfd191000 r-xp 00000000 08:05 8782630                    /home/elia/.local/share/JetBrains/Toolbox/apps/PyCharm-P/ch-0/201.7846.77/jbr/lib/libverify.so
7f0bfd191000-7f0bfd390000 ---p 0000d000 08:05 8782630                    /home/elia/.local/share/JetBrains/Toolbox/apps/PyCharm-P/ch-0/201.7846.77/jbr/lib/libverify.so
7f0bfd390000-7f0bfd392000 r--p 0000c000 08:05 8782630                    /home/elia/.local/share/JetBrains/Toolbox/apps/PyCharm-P/ch-0/201.7846.77/jbr/lib/libverify.so
7f0bfd392000-7f0bfd393000 rw-p 0000e000 08:05 8782630                    /home/elia/.local/share/JetBrains/Toolbox/apps/PyCharm-P/ch-0/201.7846.77/jbr/lib/libverify.so
7f0bfd393000-7f0bfd39a000 r-xp 00000000 08:05 9442334                    /lib/x86_64-linux-gnu/librt-2.27.so
7f0bfd39a000-7f0bfd599000 ---p 00007000 08:05 9442334                    /lib/x86_64-linux-gnu/librt-2.27.so
7f0bfd599000-7f0bfd59a000 r--p 00006000 08:05 9442334                    /lib/x86_64-linux-gnu/librt-2.27.so
7f0bfd59a000-7f0bfd59b000 rw-p 00007000 08:05 9442334                    /lib/x86_64-linux-gnu/librt-2.27.so
7f0bfd59b000-7f0bfd738000 r-xp 00000000 08:05 9442256                    /lib/x86_64-linux-gnu/libm-2.27.so
7f0bfd738000-7f0bfd937000 ---p 0019d000 08:05 9442256                    /lib/x86_64-linux-gnu/libm-2.27.so
7f0bfd937000-7f0bfd938000 r--p 0019c000 08:05 9442256                    /lib/x86_64-linux-gnu/libm-2.27.so
7f0bfd938000-7f0bfd939000 rw-p 0019d000 08:05 9442256                    /lib/x86_64-linux-gnu/libm-2.27.so
7f0bfd939000-7f0bfe962000 r-xp 00000000 08:05 8782643                    /home/elia/.local/share/JetBrains/Toolbox/apps/PyCharm-P/ch-0/201.7846.77/jbr/lib/server/libjvm.so
7f0bfe962000-7f0bfeb62000 ---p 01029000 08:05 8782643                    /home/elia/.local/share/JetBrains/Toolbox/apps/PyCharm-P/ch-0/201.7846.77/jbr/lib/server/libjvm.so
7f0bfeb62000-7f0bfec21000 r--p 01029000 08:05 8782643                    /home/elia/.local/share/JetBrains/Toolbox/apps/PyCharm-P/ch-0/201.7846.77/jbr/lib/server/libjvm.so
7f0bfec21000-7f0bfec5b000 rw-p 010e8000 08:05 8782643                    /home/elia/.local/share/JetBrains/Toolbox/apps/PyCharm-P/ch-0/201.7846.77/jbr/lib/server/libjvm.so
7f0bfec5b000-7f0bfecb1000 rw-p 00000000 00:00 0 
7f0bfecb1000-7f0bfee98000 r-xp 00000000 08:05 9442193                    /lib/x86_64-linux-gnu/libc-2.27.so
7f0bfee98000-7f0bff098000 ---p 001e7000 08:05 9442193                    /lib/x86_64-linux-gnu/libc-2.27.so
7f0bff098000-7f0bff09c000 r--p 001e7000 08:05 9442193                    /lib/x86_64-linux-gnu/libc-2.27.so
7f0bff09c000-7f0bff09e000 rw-p 001eb000 08:05 9442193                    /lib/x86_64-linux-gnu/libc-2.27.so
7f0bff09e000-7f0bff0a2000 rw-p 00000000 00:00 0 
7f0bff0a2000-7f0bff0a5000 r-xp 00000000 08:05 9442216                    /lib/x86_64-linux-gnu/libdl-2.27.so
7f0bff0a5000-7f0bff2a4000 ---p 00003000 08:05 9442216                    /lib/x86_64-linux-gnu/libdl-2.27.so
7f0bff2a4000-7f0bff2a5000 r--p 00002000 08:05 9442216                    /lib/x86_64-linux-gnu/libdl-2.27.so
7f0bff2a5000-7f0bff2a6000 rw-p 00003000 08:05 9442216                    /lib/x86_64-linux-gnu/libdl-2.27.so
7f0bff2a6000-7f0bff2b5000 r-xp 00000000 08:05 8782578                    /home/elia/.local/share/JetBrains/Toolbox/apps/PyCharm-P/ch-0/201.7846.77/jbr/lib/jli/libjli.so
7f0bff2b5000-7f0bff4b4000 ---p 0000f000 08:05 8782578                    /home/elia/.local/share/JetBrains/Toolbox/apps/PyCharm-P/ch-0/201.7846.77/jbr/lib/jli/libjli.so
7f0bff4b4000-7f0bff4b5000 r--p 0000e000 08:05 8782578                    /home/elia/.local/share/JetBrains/Toolbox/apps/PyCharm-P/ch-0/201.7846.77/jbr/lib/jli/libjli.so
7f0bff4b5000-7f0bff4b6000 rw-p 0000f000 08:05 8782578                    /home/elia/.local/share/JetBrains/Toolbox/apps/PyCharm-P/ch-0/201.7846.77/jbr/lib/jli/libjli.so
7f0bff4b6000-7f0bff4d0000 r-xp 00000000 08:05 9442326                    /lib/x86_64-linux-gnu/libpthread-2.27.so
7f0bff4d0000-7f0bff6cf000 ---p 0001a000 08:05 9442326                    /lib/x86_64-linux-gnu/libpthread-2.27.so
7f0bff6cf000-7f0bff6d0000 r--p 00019000 08:05 9442326                    /lib/x86_64-linux-gnu/libpthread-2.27.so
7f0bff6d0000-7f0bff6d1000 rw-p 0001a000 08:05 9442326                    /lib/x86_64-linux-gnu/libpthread-2.27.so
7f0bff6d1000-7f0bff6d5000 rw-p 00000000 00:00 0 
7f0bff6d5000-7f0bff6f1000 r-xp 00000000 08:05 9442367                    /lib/x86_64-linux-gnu/libz.so.1.2.11
7f0bff6f1000-7f0bff8f0000 ---p 0001c000 08:05 9442367                    /lib/x86_64-linux-gnu/libz.so.1.2.11
7f0bff8f0000-7f0bff8f1000 r--p 0001b000 08:05 9442367                    /lib/x86_64-linux-gnu/libz.so.1.2.11
7f0bff8f1000-7f0bff8f2000 rw-p 0001c000 08:05 9442367                    /lib/x86_64-linux-gnu/libz.so.1.2.11
7f0bff8f2000-7f0bff919000 r-xp 00000000 08:05 9442165                    /lib/x86_64-linux-gnu/ld-2.27.so
7f0bff97d000-7f0bff9fd000 rw-p 00000000 00:00 0 
7f0bff9fd000-7f0bffa01000 ---p 00000000 00:00 0 
7f0bffa01000-7f0bffb00000 rw-p 00000000 00:00 0 
7f0bffb01000-7f0bffb06000 rw-p 00000000 00:00 0 
7f0bffb06000-7f0bffb0d000 ---p 00000000 00:00 0 
7f0bffb0d000-7f0bffb15000 rw-s 00000000 08:05 801403                     /tmp/hsperfdata_elia/18043
7f0bffb15000-7f0bffb16000 ---p 00000000 00:00 0 
7f0bffb16000-7f0bffb17000 r--p 00000000 00:00 0 
7f0bffb17000-7f0bffb19000 rw-p 00000000 00:00 0 
7f0bffb19000-7f0bffb1a000 r--p 00027000 08:05 9442165                    /lib/x86_64-linux-gnu/ld-2.27.so
7f0bffb1a000-7f0bffb1b000 rw-p 00028000 08:05 9442165                    /lib/x86_64-linux-gnu/ld-2.27.so
7f0bffb1b000-7f0bffb1c000 rw-p 00000000 00:00 0 
7ffdcd6c9000-7ffdcd6ea000 rw-p 00000000 00:00 0                          [stack]
7ffdcd788000-7ffdcd78b000 r--p 00000000 00:00 0                          [vvar]
7ffdcd78b000-7ffdcd78c000 r-xp 00000000 00:00 0                          [vdso]
ffffffffff600000-ffffffffff601000 r-xp 00000000 00:00 0                  [vsyscall]


VM Arguments:
java_command: org.jetbrains.git4idea.http.GitAskPassApp Username for 'https://github.com': 
java_class_path (initial): /home/elia/.local/share/JetBrains/Toolbox/apps/PyCharm-P/ch-0/201.7846.77/plugins/git4idea/lib/git4idea-rt.jar:/home/elia/.local/share/JetBrains/Toolbox/apps/PyCharm-P/ch-0/201.7846.77/lib/xmlrpc-2.0.1.jar:/home/elia/.local/share/JetBrains/Toolbox/apps/PyCharm-P/ch-0/201.7846.77/lib/commons-codec-1.14.jar:/home/elia/.local/share/JetBrains/Toolbox/apps/PyCharm-P/ch-0/201.7846.77/lib/util.jar
Launcher Type: SUN_STANDARD

[Global flags]
     intx CICompilerCount                          = 4                                         {product} {ergonomic}
     uint ConcGCThreads                            = 2                                         {product} {ergonomic}
     uint G1ConcRefinementThreads                  = 8                                         {product} {ergonomic}
   size_t G1HeapRegionSize                         = 1048576                                   {product} {ergonomic}
    uintx GCDrainStackTargetSize                   = 64                                        {product} {ergonomic}
   size_t InitialHeapSize                          = 130023424                                 {product} {ergonomic}
   size_t MarkStackSize                            = 4194304                                   {product} {ergonomic}
   size_t MaxHeapSize                              = 2080374784                                {product} {ergonomic}
   size_t MinHeapDeltaBytes                        = 1048576                                   {product} {ergonomic}
    uintx NonNMethodCodeHeapSize                   = 5836300                                {pd product} {ergonomic}
    uintx NonProfiledCodeHeapSize                  = 122910970                              {pd product} {ergonomic}
    uintx ProfiledCodeHeapSize                     = 122910970                              {pd product} {ergonomic}
    uintx ReservedCodeCacheSize                    = 251658240                              {pd product} {ergonomic}
     bool SegmentedCodeCache                       = true                                      {product} {ergonomic}
     bool UseCompressedClassPointers               = true                                 {lp64_product} {ergonomic}
     bool UseCompressedOops                        = true                                 {lp64_product} {ergonomic}
     bool UseG1GC                                  = true                                      {product} {ergonomic}

Logging:
Log output configuration:
 #0: stdout all=warning uptime,level,tags
 #1: stderr all=off uptime,level,tags

Environment Variables:
PATH=/usr/lib/git-core:/usr/local/sbin:/usr/local/bin:/usr/sbin:/usr/bin:/sbin:/bin:/usr/games:/usr/local/games
SHELL=/bin/bash
DISPLAY=:0

Signal Handlers:
SIGSEGV: [libjvm.so+0xd67370], sa_mask[0]=11111111011111111101111111111110, sa_flags=SA_RESTART|SA_SIGINFO
SIGBUS: [libjvm.so+0xd67370], sa_mask[0]=11111111011111111101111111111110, sa_flags=SA_RESTART|SA_SIGINFO
SIGFPE: [libjvm.so+0xd67370], sa_mask[0]=11111111011111111101111111111110, sa_flags=SA_RESTART|SA_SIGINFO
SIGPIPE: [libjvm.so+0xb6b340], sa_mask[0]=11111111011111111101111111111110, sa_flags=SA_RESTART|SA_SIGINFO
SIGXFSZ: [libjvm.so+0xb6b340], sa_mask[0]=11111111011111111101111111111110, sa_flags=SA_RESTART|SA_SIGINFO
SIGILL: [libjvm.so+0xd67370], sa_mask[0]=11111111011111111101111111111110, sa_flags=SA_RESTART|SA_SIGINFO
SIGUSR2: [libjvm.so+0xb6b1d0], sa_mask[0]=00100000000000000000000000000000, sa_flags=SA_RESTART|SA_SIGINFO
SIGHUP: SIG_DFL, sa_mask[0]=00000000000000000000000000000000, sa_flags=none
SIGINT: SIG_DFL, sa_mask[0]=00000000000000000000000000000000, sa_flags=none
SIGTERM: SIG_DFL, sa_mask[0]=00000000000000000000000000000000, sa_flags=none
SIGQUIT: SIG_DFL, sa_mask[0]=00000000000000000000000000000000, sa_flags=none


---------------  S Y S T E M  ---------------

OS:DISTRIB_ID=LinuxMint
DISTRIB_RELEASE=19.3
DISTRIB_CODENAME=tricia
DISTRIB_DESCRIPTION="Linux Mint 19.3 Tricia"
uname:Linux 5.0.0-32-generic #34~18.04.2-Ubuntu SMP Thu Oct 10 10:36:02 UTC 2019 x86_64
OS uptime: 4 days 22:57 hours
libc:glibc 2.27 NPTL 2.27 
rlimit: STACK 8192k, CORE 0k, NPROC 31455, NOFILE 1048576, AS infinity, CPU infinity, DATA infinity, FSIZE infinity
load average:126.86 91.03 46.56

/proc/meminfo:
MemTotal:        8123292 kB
MemFree:          104804 kB
MemAvailable:       2584 kB
Buffers:             544 kB
Cached:           687948 kB
SwapCached:        12252 kB
Active:          6648624 kB
Inactive:         835988 kB
Active(anon):    6645664 kB
Inactive(anon):   830164 kB
Active(file):       2960 kB
Inactive(file):     5824 kB
Unevictable:         368 kB
Mlocked:             368 kB
SwapTotal:       2097148 kB
SwapFree:              0 kB
Dirty:                 4 kB
Writeback:             4 kB
AnonPages:       6797820 kB
Mapped:           171252 kB
Shmem:            679100 kB
KReclaimable:      58456 kB
Slab:             167420 kB
SReclaimable:      58456 kB
SUnreclaim:       108964 kB
KernelStack:       42096 kB
PageTables:       146608 kB
NFS_Unstable:          0 kB
Bounce:                0 kB
WritebackTmp:          0 kB
CommitLimit:     6158792 kB
Committed_AS:   29947056 kB
VmallocTotal:   34359738367 kB
VmallocUsed:           0 kB
VmallocChunk:          0 kB
Percpu:             2272 kB
HardwareCorrupted:     0 kB
AnonHugePages:     10240 kB
ShmemHugePages:        0 kB
ShmemPmdMapped:        0 kB
CmaTotal:              0 kB
CmaFree:               0 kB
HugePages_Total:       0
HugePages_Free:        0
HugePages_Rsvd:        0
HugePages_Surp:        0
Hugepagesize:       2048 kB
Hugetlb:               0 kB
DirectMap4k:     1451520 kB
DirectMap2M:     6895616 kB


/proc/sys/kernel/threads-max (system-wide limit on the number of threads):
62910


/proc/sys/vm/max_map_count (maximum number of memory map areas a process may have):
65530


/proc/sys/kernel/pid_max (system-wide limit on number of process identifiers):
32768



container (cgroup) information:
container_type: cgroupv1
cpu_cpuset_cpus: 0-7
cpu_memory_nodes: 0
active_processor_count: 8
cpu_quota: -1
cpu_period: 100000
cpu_shares: -1
memory_limit_in_bytes: -1
memory_and_swap_limit_in_bytes: -2
memory_soft_limit_in_bytes: -1
memory_usage_in_bytes: 7665549312
memory_max_usage_in_bytes: 12594135040

Steal ticks since vm start: 0
Steal ticks percentage since vm start:  0.000

CPU:total 8 (initial active 8) (4 cores per cpu, 2 threads per core) family 6 model 30 stepping 5, cmov, cx8, fxsr, mmx, sse, sse2, sse3, ssse3, sse4.1, sse4.2, popcnt, ht, tsc, tscinvbit
CPU Model and flags from /proc/cpuinfo:
model name	: Intel(R) Core(TM) i7 CPU         860  @ 2.80GHz
flags		: fpu vme de pse tsc msr pae mce cx8 apic sep mtrr pge mca cmov pat pse36 clflush dts acpi mmx fxsr sse sse2 ss ht tm pbe syscall nx rdtscp lm constant_tsc arch_perfmon pebs bts rep_good nopl xtopology nonstop_tsc cpuid aperfmperf pni dtes64 monitor ds_cpl vmx smx est tm2 ssse3 cx16 xtpr pdcm sse4_1 sse4_2 popcnt lahf_lm pti tpr_shadow vnmi flexpriority ept vpid dtherm ida

Memory: 4k page, physical 8123292k(109340k free), swap 2097148k(0k free)

vm_info: OpenJDK 64-Bit Server VM (11.0.7+10-b765.53) for linux-amd64 JRE (11.0.7+10-b765.53), built on May 12 2020 01:45:33 by "" with gcc 8.3.1 20190311 (Red Hat 8.3.1-3)

END.
